<?xml version="1.0" encoding="UTF-8"?>
<testng-results ignored="0" total="1" passed="1" failed="0" skipped="0">
  <reporter-output>
  </reporter-output>
  <suite started-at="2024-05-30T03:37:34 EET" name="Default suite" finished-at="2024-05-30T03:37:34 EET" duration-ms="125">
    <groups>
    </groups>
    <test started-at="2024-05-30T03:37:34 EET" name="Default test" finished-at="2024-05-30T03:37:34 EET" duration-ms="125">
      <class name="project5.mytest">
        <test-method is-config="true" signature="mySetup()[pri:0, instance:project5.mytest@33b1c5c5]" started-at="2024-05-30T03:37:34 EET" name="mySetup" finished-at="2024-05-30T03:37:34 EET" duration-ms="56" status="PASS">
          <reporter-output>
          </reporter-output>
        </test-method> <!-- mySetup -->
        <test-method signature="myFirstTest()[pri:0, instance:project5.mytest@33b1c5c5]" started-at="2024-05-30T03:37:34 EET" name="myFirstTest" finished-at="2024-05-30T03:37:34 EET" duration-ms="36" status="PASS">
          <reporter-output>
          </reporter-output>
        </test-method> <!-- myFirstTest -->
      </class> <!-- project5.mytest -->
    </test> <!-- Default test -->
  </suite> <!-- Default suite -->
</testng-results>
